<?xml version="1.0" encoding="UTF-8"?>
<!-- Generated by org.testng.reporters.JUnitXMLReporter -->
<testsuite hostname="Hareesh" ignored="0" name="Test" tests="3" failures="1" timestamp="26 Jan 2019 07:51:55 GMT" time="153.6" errors="0">
  <testcase name="appsignin" time="60.69" classname="com.company.ebay.tests.SiginandBuyProductTest"/>
  <testcase name="selectproduct" time="46.779" classname="com.company.ebay.tests.SiginandBuyProductTest"/>
  <testcase name="cartandbuyproduct" time="21.656" classname="com.company.ebay.tests.SiginandBuyProductTest">
    <failure type="java.lang.AssertionError" message="expected [$1,850] but found [$1,850.00]">
      <![CDATA[java.lang.AssertionError: expected [$1,850] but found [$1,850.00]
	at com.company.ebay.tests.SiginandBuyProductTest.cartandbuyproduct(SiginandBuyProductTest.java:110)
... Removed 31 stack frames]]>
    </failure>
  </testcase> <!-- cartandbuyproduct -->
</testsuite> <!-- Test -->
