<?xml version="1.0" encoding="UTF-8"?>
<testng-results skipped="0" failed="1" ignored="0" total="3" passed="2">
  <reporter-output>
  </reporter-output>
  <suite name="Suite" duration-ms="153600" started-at="2019-01-26T07:49:15Z" finished-at="2019-01-26T07:51:49Z">
    <groups>
    </groups>
    <test name="Test" duration-ms="153600" started-at="2019-01-26T07:49:15Z" finished-at="2019-01-26T07:51:49Z">
      <class name="com.company.ebay.tests.SiginandBuyProductTest">
        <test-method status="PASS" signature="opendriver()[pri:0, instance:com.company.ebay.tests.SiginandBuyProductTest@52a86356]" name="opendriver" is-config="true" duration-ms="9077" started-at="2019-01-26T13:19:15Z" finished-at="2019-01-26T13:19:25Z">
          <reporter-output>
          </reporter-output>
        </test-method> <!-- opendriver -->
        <test-method status="PASS" signature="appsignin(java.lang.String, java.lang.String)[pri:0, instance:com.company.ebay.tests.SiginandBuyProductTest@52a86356]" name="appsignin" duration-ms="60690" started-at="2019-01-26T13:19:26Z" data-provider="dpsignin" finished-at="2019-01-26T13:20:26Z">
          <params>
            <param index="0">
              <value>
                <![CDATA[hareeshtestinfo@gmail.com]]>
              </value>
            </param>
            <param index="1">
              <value>
                <![CDATA[infosis4test]]>
              </value>
            </param>
          </params>
          <reporter-output>
          </reporter-output>
        </test-method> <!-- appsignin -->
        <test-method status="PASS" signature="selectproduct(java.lang.String)[pri:0, instance:com.company.ebay.tests.SiginandBuyProductTest@52a86356]" name="selectproduct" duration-ms="46779" started-at="2019-01-26T13:20:27Z" data-provider="dpsignin" depends-on-methods="com.company.ebay.tests.SiginandBuyProductTest.appsignin" finished-at="2019-01-26T13:21:13Z">
          <params>
            <param index="0">
              <value>
                <![CDATA[65 inch TV]]>
              </value>
            </param>
          </params>
          <reporter-output>
          </reporter-output>
        </test-method> <!-- selectproduct -->
        <test-method status="FAIL" signature="cartandbuyproduct()[pri:0, instance:com.company.ebay.tests.SiginandBuyProductTest@52a86356]" name="cartandbuyproduct" duration-ms="21656" started-at="2019-01-26T13:21:13Z" depends-on-methods="com.company.ebay.tests.SiginandBuyProductTest.selectproduct" finished-at="2019-01-26T13:21:35Z">
          <exception class="java.lang.AssertionError">
            <message>
              <![CDATA[expected [$1,850] but found [$1,850.00]]]>
            </message>
            <full-stacktrace>
              <![CDATA[java.lang.AssertionError: expected [$1,850] but found [$1,850.00]
	at org.testng.Assert.fail(Assert.java:93)
	at org.testng.Assert.failNotEquals(Assert.java:512)
	at org.testng.Assert.assertEqualsImpl(Assert.java:134)
	at org.testng.Assert.assertEquals(Assert.java:115)
	at org.testng.Assert.assertEquals(Assert.java:189)
	at org.testng.Assert.assertEquals(Assert.java:199)
	at com.company.ebay.tests.SiginandBuyProductTest.cartandbuyproduct(SiginandBuyProductTest.java:110)
	at sun.reflect.NativeMethodAccessorImpl.invoke0(Native Method)
	at sun.reflect.NativeMethodAccessorImpl.invoke(NativeMethodAccessorImpl.java:62)
	at sun.reflect.DelegatingMethodAccessorImpl.invoke(DelegatingMethodAccessorImpl.java:43)
	at java.lang.reflect.Method.invoke(Method.java:483)
	at org.testng.internal.MethodInvocationHelper.invokeMethod(MethodInvocationHelper.java:108)
	at org.testng.internal.Invoker.invokeMethod(Invoker.java:661)
	at org.testng.internal.Invoker.invokeTestMethod(Invoker.java:869)
	at org.testng.internal.Invoker.invokeTestMethods(Invoker.java:1193)
	at org.testng.internal.TestMethodWorker.invokeTestMethods(TestMethodWorker.java:126)
	at org.testng.internal.TestMethodWorker.run(TestMethodWorker.java:109)
	at org.testng.TestRunner.privateRun(TestRunner.java:744)
	at org.testng.TestRunner.run(TestRunner.java:602)
	at org.testng.SuiteRunner.runTest(SuiteRunner.java:380)
	at org.testng.SuiteRunner.runSequentially(SuiteRunner.java:375)
	at org.testng.SuiteRunner.privateRun(SuiteRunner.java:340)
	at org.testng.SuiteRunner.run(SuiteRunner.java:289)
	at org.testng.SuiteRunnerWorker.runSuite(SuiteRunnerWorker.java:52)
	at org.testng.SuiteRunnerWorker.run(SuiteRunnerWorker.java:86)
	at org.testng.TestNG.runSuitesSequentially(TestNG.java:1301)
	at org.testng.TestNG.runSuitesLocally(TestNG.java:1226)
	at org.testng.TestNG.runSuites(TestNG.java:1144)
	at org.testng.TestNG.run(TestNG.java:1115)
	at org.testng.remote.AbstractRemoteTestNG.run(AbstractRemoteTestNG.java:114)
	at org.testng.remote.RemoteTestNG.initAndRun(RemoteTestNG.java:251)
	at org.testng.remote.RemoteTestNG.main(RemoteTestNG.java:77)
]]>
            </full-stacktrace>
          </exception> <!-- java.lang.AssertionError -->
          <reporter-output>
          </reporter-output>
        </test-method> <!-- cartandbuyproduct -->
        <test-method status="PASS" signature="close()[pri:0, instance:com.company.ebay.tests.SiginandBuyProductTest@52a86356]" name="close" is-config="true" duration-ms="0" started-at="2019-01-26T13:21:49Z" finished-at="2019-01-26T13:21:49Z">
          <reporter-output>
          </reporter-output>
        </test-method> <!-- close -->
      </class> <!-- com.company.ebay.tests.SiginandBuyProductTest -->
    </test> <!-- Test -->
  </suite> <!-- Suite -->
</testng-results>
